c:\users\admin\documents\уник\3 сем\кпо\курсач\курсач_заново\курсач супер новый\gaa-2024\gaa-2024\debug\vc143.pdb
c:\users\admin\documents\уник\3 сем\кпо\курсач\курсач_заново\курсач супер новый\gaa-2024\gaa-2024\debug\vc143.idb
c:\users\admin\documents\уник\3 сем\кпо\курсач\курсач_заново\курсач супер новый\gaa-2024\gaa-2024\debug\gaa-2024.obj
c:\users\admin\documents\уник\3 сем\кпо\курсач\курсач_заново\курсач супер новый\gaa-2024\gaa-2024\debug\semanalysis.obj
c:\users\admin\documents\уник\3 сем\кпо\курсач\курсач_заново\курсач супер новый\gaa-2024\gaa-2024\debug\polishnotation.obj
c:\users\admin\documents\уник\3 сем\кпо\курсач\курсач_заново\курсач супер новый\gaa-2024\gaa-2024\debug\pch.obj
c:\users\admin\documents\уник\3 сем\кпо\курсач\курсач_заново\курсач супер новый\gaa-2024\gaa-2024\debug\parm.obj
c:\users\admin\documents\уник\3 сем\кпо\курсач\курсач_заново\курсач супер новый\gaa-2024\gaa-2024\debug\mfst.obj
c:\users\admin\documents\уник\3 сем\кпо\курсач\курсач_заново\курсач супер новый\gaa-2024\gaa-2024\debug\lt.obj
c:\users\admin\documents\уник\3 сем\кпо\курсач\курсач_заново\курсач супер новый\gaa-2024\gaa-2024\debug\log.obj
c:\users\admin\documents\уник\3 сем\кпо\курсач\курсач_заново\курсач супер новый\gaa-2024\gaa-2024\debug\lexanalysis.obj
c:\users\admin\documents\уник\3 сем\кпо\курсач\курсач_заново\курсач супер новый\gaa-2024\gaa-2024\debug\it.obj
c:\users\admin\documents\уник\3 сем\кпо\курсач\курсач_заново\курсач супер новый\gaa-2024\gaa-2024\debug\in.obj
c:\users\admin\documents\уник\3 сем\кпо\курсач\курсач_заново\курсач супер новый\gaa-2024\gaa-2024\debug\greibach.obj
c:\users\admin\documents\уник\3 сем\кпо\курсач\курсач_заново\курсач супер новый\gaa-2024\gaa-2024\debug\generator.obj
c:\users\admin\documents\уник\3 сем\кпо\курсач\курсач_заново\курсач супер новый\gaa-2024\gaa-2024\debug\fst.obj
c:\users\admin\documents\уник\3 сем\кпо\курсач\курсач_заново\курсач супер новый\gaa-2024\gaa-2024\debug\error.obj
c:\users\admin\documents\уник\3 сем\кпо\курсач\курсач_заново\курсач супер новый\gaa-2024\debug\gaa-2024.exe
c:\users\admin\documents\уник\3 сем\кпо\курсач\курсач_заново\курсач супер новый\gaa-2024\gaa-2024\debug\gaa-2024.ilk
c:\users\admin\documents\уник\3 сем\кпо\курсач\курсач_заново\курсач супер новый\gaa-2024\debug\gaa-2024.pdb
c:\users\admin\documents\уник\3 сем\кпо\курсач\курсач_заново\курсач супер новый\gaa-2024\gaa-2024\debug\gaa-2024.tlog\cl.command.1.tlog
c:\users\admin\documents\уник\3 сем\кпо\курсач\курсач_заново\курсач супер новый\gaa-2024\gaa-2024\debug\gaa-2024.tlog\cl.items.tlog
c:\users\admin\documents\уник\3 сем\кпо\курсач\курсач_заново\курсач супер новый\gaa-2024\gaa-2024\debug\gaa-2024.tlog\cl.read.1.tlog
c:\users\admin\documents\уник\3 сем\кпо\курсач\курсач_заново\курсач супер новый\gaa-2024\gaa-2024\debug\gaa-2024.tlog\cl.write.1.tlog
c:\users\admin\documents\уник\3 сем\кпо\курсач\курсач_заново\курсач супер новый\gaa-2024\gaa-2024\debug\gaa-2024.tlog\link.command.1.tlog
c:\users\admin\documents\уник\3 сем\кпо\курсач\курсач_заново\курсач супер новый\gaa-2024\gaa-2024\debug\gaa-2024.tlog\link.read.1.tlog
c:\users\admin\documents\уник\3 сем\кпо\курсач\курсач_заново\курсач супер новый\gaa-2024\gaa-2024\debug\gaa-2024.tlog\link.write.1.tlog
