Сборка начата 01.12.2024 16:30:24.
Уровень детализации журнала: Normal.     1>Проект "C:\Users\admin\Documents\уник\3 СЕМ\КПО\курсач\курсач_заново\курсач супер новый\GAA-2024\GAA-2024\GAA-2024.vcxproj" в узле 2 (целевые объекты Build).
     1>PrepareForBuild:
         Структурированный вывод включен. Форматирование диагностики компилятора будет отражать иерархию ошибок. Подробнее см. https://aka.ms/cpp/structured-output.
         Создание каталога "C:\Users\admin\Documents\уник\3 СЕМ\КПО\курсач\курсач_заново\курсач супер новый\GAA-2024\x64\Debug\".
         Создание каталога "x64\Debug\GAA-2024.tlog\".
       InitializeBuildStatus:
         Создание "x64\Debug\GAA-2024.tlog\unsuccessfulbuild", так как было задано "AlwaysCreate".
         Обращение к "x64\Debug\GAA-2024.tlog\unsuccessfulbuild".
       ClCompile:
         C:\Program Files\Microsoft Visual Studio\2022\Community\VC\Tools\MSVC\14.38.33130\bin\HostX64\x64\CL.exe /c /ZI /JMC /nologo /W3 /WX- /diagnostics:column /sdl /Od /D _DEBUG /D _CONSOLE /D _UNICODE /D UNICODE /Gm- /EHsc /RTC1 /MDd /GS /fp:precise /Zc:wchar_t /Zc:forScope /Zc:inline /permissive- /Fo"x64\Debug\\" /Fd"x64\Debug\vc143.pdb" /external:W3 /Gd /TP /FC /errorReport:prompt Error.cpp FST.cpp Generator.cpp Greibach.cpp In.cpp IT.cpp LexAnalysis.cpp Log.cpp LT.cpp MFST.cpp Parm.cpp pch.cpp PolishNotation.cpp SemAnalysis.cpp "GAA-2024.cpp"
         Error.cpp
         FST.cpp
         Generator.cpp
     1>C:\Users\admin\Documents\уник\3 СЕМ\КПО\курсач\курсач_заново\курсач супер новый\GAA-2024\GAA-2024\Generator.cpp(129,9): warning C4267: инициализация: преобразование из "size_t" в "int"; возможна потеря данных
         Greibach.cpp
         In.cpp
         IT.cpp
     1>C:\Users\admin\Documents\уник\3 СЕМ\КПО\курсач\курсач_заново\курсач супер новый\GAA-2024\GAA-2024\IT.cpp(66,42): warning C4267: =: преобразование из "size_t" в "int"; возможна потеря данных
         LexAnalysis.cpp
         Log.cpp
     1>C:\Users\admin\Documents\уник\3 СЕМ\КПО\курсач\курсач_заново\курсач супер новый\GAA-2024\GAA-2024\Log.cpp(48,12): warning C4267: +=: преобразование из "size_t" в "int"; возможна потеря данных
         LT.cpp
         MFST.cpp
         Parm.cpp
         pch.cpp
         PolishNotation.cpp
     1>C:\Users\admin\Documents\уник\3 СЕМ\КПО\курсач\курсач_заново\курсач супер новый\GAA-2024\GAA-2024\PolishNotation.cpp(68,16): warning C4267: return: преобразование из "size_t" в "int"; возможна потеря данных
         SemAnalysis.cpp
         GAA-2024.cpp
         Создание кода...
       Link:
         C:\Program Files\Microsoft Visual Studio\2022\Community\VC\Tools\MSVC\14.38.33130\bin\HostX64\x64\link.exe /ERRORREPORT:PROMPT /OUT:"C:\Users\admin\Documents\уник\3 СЕМ\КПО\курсач\курсач_заново\курсач супер новый\GAA-2024\x64\Debug\GAA-2024.exe" /INCREMENTAL /ILK:"x64\Debug\GAA-2024.ilk" /NOLOGO kernel32.lib user32.lib gdi32.lib winspool.lib comdlg32.lib advapi32.lib shell32.lib ole32.lib oleaut32.lib uuid.lib odbc32.lib odbccp32.lib /MANIFEST /MANIFESTUAC:"level='asInvoker' uiAccess='false'" /manifest:embed /DEBUG /PDB:"C:\Users\admin\Documents\уник\3 СЕМ\КПО\курсач\курсач_заново\курсач супер новый\GAA-2024\x64\Debug\GAA-2024.pdb" /SUBSYSTEM:CONSOLE /TLBID:1 /DYNAMICBASE /NXCOMPAT /IMPLIB:"C:\Users\admin\Documents\уник\3 СЕМ\КПО\курсач\курсач_заново\курсач супер новый\GAA-2024\x64\Debug\GAA-2024.lib" /MACHINE:X64 x64\Debug\Error.obj
         x64\Debug\FST.obj
         x64\Debug\Generator.obj
         x64\Debug\Greibach.obj
         x64\Debug\In.obj
         x64\Debug\IT.obj
         x64\Debug\LexAnalysis.obj
         x64\Debug\Log.obj
         x64\Debug\LT.obj
         x64\Debug\MFST.obj
         x64\Debug\Parm.obj
         x64\Debug\pch.obj
         x64\Debug\PolishNotation.obj
         x64\Debug\SemAnalysis.obj
         "x64\Debug\GAA-2024.obj"
         GAA-2024.vcxproj -> C:\Users\admin\Documents\уник\3 СЕМ\КПО\курсач\курсач_заново\курсач супер новый\GAA-2024\x64\Debug\GAA-2024.exe
       FinalizeBuildStatus:
         Файл "x64\Debug\GAA-2024.tlog\unsuccessfulbuild" удаляется.
         Обращение к "x64\Debug\GAA-2024.tlog\GAA-2024.lastbuildstate".
     1>Сборка проекта "C:\Users\admin\Documents\уник\3 СЕМ\КПО\курсач\курсач_заново\курсач супер новый\GAA-2024\GAA-2024\GAA-2024.vcxproj" завершена (целевые объекты Build).

Сборка успешно завершена.

       "C:\Users\admin\Documents\уник\3 СЕМ\КПО\курсач\курсач_заново\курсач супер новый\GAA-2024\GAA-2024\GAA-2024.vcxproj" (целевой объект Build ) (1) ->
       (Целевой объект ClCompile) -> 
         C:\Users\admin\Documents\уник\3 СЕМ\КПО\курсач\курсач_заново\курсач супер новый\GAA-2024\GAA-2024\Generator.cpp(129,9): warning C4267: инициализация: преобразование из "size_t" в "int"; возможна потеря данных
         C:\Users\admin\Documents\уник\3 СЕМ\КПО\курсач\курсач_заново\курсач супер новый\GAA-2024\GAA-2024\IT.cpp(66,42): warning C4267: =: преобразование из "size_t" в "int"; возможна потеря данных
         C:\Users\admin\Documents\уник\3 СЕМ\КПО\курсач\курсач_заново\курсач супер новый\GAA-2024\GAA-2024\Log.cpp(48,12): warning C4267: +=: преобразование из "size_t" в "int"; возможна потеря данных
         C:\Users\admin\Documents\уник\3 СЕМ\КПО\курсач\курсач_заново\курсач супер новый\GAA-2024\GAA-2024\PolishNotation.cpp(68,16): warning C4267: return: преобразование из "size_t" в "int"; возможна потеря данных

    Предупреждений: 4
    Ошибок: 0

Прошло времени 00:00:07.71
